[debug] [2022-11-27T12:01:55.674Z] ----------------------------------------------------------------------
[debug] [2022-11-27T12:01:55.683Z] Command:       C:\Program Files\nodejs\node.exe C:\Users\jhabiz\AppData\Roaming\npm\node_modules\firebase-tools\lib\bin\firebase.js init
[debug] [2022-11-27T12:01:55.686Z] CLI Version:   11.16.1
[debug] [2022-11-27T12:01:55.687Z] Platform:      win32
[debug] [2022-11-27T12:01:55.688Z] Node Version:  v16.14.2
[debug] [2022-11-27T12:01:55.692Z] Time:          Sun Nov 27 2022 15:31:55 GMT+0330 (وقت عادی ایران)
[debug] [2022-11-27T12:01:55.694Z] ----------------------------------------------------------------------
[debug] 
[debug] [2022-11-27T12:01:55.711Z] >>> [apiv2][query] GET https://firebase-public.firebaseio.com/cli.json [none]
[debug] [2022-11-27T12:01:56.222Z] > command requires scopes: ["email","openid","https://www.googleapis.com/auth/cloudplatformprojects.readonly","https://www.googleapis.com/auth/firebase","https://www.googleapis.com/auth/cloud-platform"]
[debug] [2022-11-27T12:01:56.224Z] > authorizing via signed-in user (faraji.ali75@gmail.com)
[info] 
     ######## #### ########  ######## ########     ###     ######  ########
     ##        ##  ##     ## ##       ##     ##  ##   ##  ##       ##
     ######    ##  ########  ######   ########  #########  ######  ######
     ##        ##  ##    ##  ##       ##     ## ##     ##       ## ##
     ##       #### ##     ## ######## ########  ##     ##  ######  ########

You're about to initialize a Firebase project in this directory:

  H:\web\project\bootstrap\linkdin-clone

Before we get started, keep in mind:

  * You are initializing within an existing Firebase project directory

[info] 
=== Project Setup
[info] 
[info] First, let's associate this project directory with a Firebase project.
[info] You can create multiple project aliases by running firebase use --add, 
[info] but for now we'll just set up a default project.
[info] 
[debug] [2022-11-27T12:02:04.241Z] >>> [apiv2][query] GET https://firebase.googleapis.com/v1beta1/projects pageSize=100
[debug] [2022-11-27T12:02:04.876Z] <<< [apiv2][status] GET https://firebase.googleapis.com/v1beta1/projects 403
[debug] [2022-11-27T12:02:04.877Z] <<< [apiv2][body] GET https://firebase.googleapis.com/v1beta1/projects [omitted]
[debug] [2022-11-27T12:02:04.878Z] Unable to parse JSON: SyntaxError: Unexpected token < in JSON at position 0
[debug] [2022-11-27T12:02:05.504Z] FirebaseError: Unable to parse JSON: SyntaxError: Unexpected token < in JSON at position 0
    at RetryOperation._fn (C:\Users\jhabiz\AppData\Roaming\npm\node_modules\firebase-tools\lib\apiv2.js:260:39)
    at processTicksAndRejections (node:internal/process/task_queues:96:5)
[error] 
[error] Error: Failed to list Firebase projects. See firebase-debug.log for more info.
[debug] [2022-11-27T12:04:27.787Z] ----------------------------------------------------------------------
[debug] [2022-11-27T12:04:27.800Z] Command:       C:\Program Files\nodejs\node.exe C:\Users\jhabiz\AppData\Roaming\npm\node_modules\firebase-tools\lib\bin\firebase.js init
[debug] [2022-11-27T12:04:27.803Z] CLI Version:   11.16.1
[debug] [2022-11-27T12:04:27.803Z] Platform:      win32
[debug] [2022-11-27T12:04:27.804Z] Node Version:  v16.14.2
[debug] [2022-11-27T12:04:27.809Z] Time:          Sun Nov 27 2022 15:34:27 GMT+0330 (وقت عادی ایران)
[debug] [2022-11-27T12:04:27.811Z] ----------------------------------------------------------------------
[debug] 
[debug] [2022-11-27T12:04:27.832Z] >>> [apiv2][query] GET https://firebase-public.firebaseio.com/cli.json [none]
[debug] [2022-11-27T12:04:28.476Z] > command requires scopes: ["email","openid","https://www.googleapis.com/auth/cloudplatformprojects.readonly","https://www.googleapis.com/auth/firebase","https://www.googleapis.com/auth/cloud-platform"]
[debug] [2022-11-27T12:04:28.479Z] > authorizing via signed-in user (faraji.ali75@gmail.com)
[info] 
     ######## #### ########  ######## ########     ###     ######  ########
     ##        ##  ##     ## ##       ##     ##  ##   ##  ##       ##
     ######    ##  ########  ######   ########  #########  ######  ######
     ##        ##  ##    ##  ##       ##     ## ##     ##       ## ##
     ##       #### ##     ## ######## ########  ##     ##  ######  ########

You're about to initialize a Firebase project in this directory:

  H:\web\project\bootstrap\linkdin-clone

Before we get started, keep in mind:

  * You are initializing within an existing Firebase project directory

[warn] !  Unable to fetch the CLI MOTD and remote config. 
[debug] [2022-11-27T12:04:49.619Z] Failed to fetch MOTD FirebaseError: Failed to make request to https://firebase-public.firebaseio.com/cli.json
[info] 
=== Project Setup
[info] 
[info] First, let's associate this project directory with a Firebase project.
[info] You can create multiple project aliases by running firebase use --add, 
[info] but for now we'll just set up a default project.
[info] 
[debug] [2022-11-27T12:05:34.624Z] >>> [apiv2][query] GET https://firebase.googleapis.com/v1beta1/projects pageSize=100
[debug] [2022-11-27T12:05:35.521Z] <<< [apiv2][status] GET https://firebase.googleapis.com/v1beta1/projects 403
[debug] [2022-11-27T12:05:35.521Z] <<< [apiv2][body] GET https://firebase.googleapis.com/v1beta1/projects [omitted]
[debug] [2022-11-27T12:05:35.522Z] Unable to parse JSON: SyntaxError: Unexpected token < in JSON at position 0
[debug] [2022-11-27T12:05:36.354Z] FirebaseError: Unable to parse JSON: SyntaxError: Unexpected token < in JSON at position 0
    at RetryOperation._fn (C:\Users\jhabiz\AppData\Roaming\npm\node_modules\firebase-tools\lib\apiv2.js:260:39)
    at processTicksAndRejections (node:internal/process/task_queues:96:5)
[error] 
[error] Error: Failed to list Firebase projects. See firebase-debug.log for more info.
[debug] [2022-11-27T21:27:27.336Z] ----------------------------------------------------------------------
[debug] [2022-11-27T21:27:27.345Z] Command:       C:\Program Files\nodejs\node.exe C:\Users\jhabiz\AppData\Roaming\npm\node_modules\firebase-tools\lib\bin\firebase.js init
[debug] [2022-11-27T21:27:27.348Z] CLI Version:   11.16.1
[debug] [2022-11-27T21:27:27.348Z] Platform:      win32
[debug] [2022-11-27T21:27:27.349Z] Node Version:  v16.14.2
[debug] [2022-11-27T21:27:27.353Z] Time:          Mon Nov 28 2022 00:57:27 GMT+0330 (وقت عادی ایران)
[debug] [2022-11-27T21:27:27.354Z] ----------------------------------------------------------------------
[debug] 
[debug] [2022-11-27T21:27:27.369Z] >>> [apiv2][query] GET https://firebase-public.firebaseio.com/cli.json [none]
[debug] [2022-11-27T21:27:27.886Z] > command requires scopes: ["email","openid","https://www.googleapis.com/auth/cloudplatformprojects.readonly","https://www.googleapis.com/auth/firebase","https://www.googleapis.com/auth/cloud-platform"]
[debug] [2022-11-27T21:27:27.888Z] > authorizing via signed-in user (faraji.ali75@gmail.com)
[info] 
     ######## #### ########  ######## ########     ###     ######  ########
     ##        ##  ##     ## ##       ##     ##  ##   ##  ##       ##
     ######    ##  ########  ######   ########  #########  ######  ######
     ##        ##  ##    ##  ##       ##     ## ##     ##       ## ##
     ##       #### ##     ## ######## ########  ##     ##  ######  ########

You're about to initialize a Firebase project in this directory:

  H:\web\project\bootstrap\linkdin-clone\linkdin

Before we get started, keep in mind:

  * You are initializing within an existing Firebase project directory

[warn] !  Unable to fetch the CLI MOTD and remote config. 
[debug] [2022-11-27T21:27:49.073Z] Failed to fetch MOTD FirebaseError: Failed to make request to https://firebase-public.firebaseio.com/cli.json
[info] 
=== Project Setup
[info] 
[info] First, let's associate this project directory with a Firebase project.
[info] You can create multiple project aliases by running firebase use --add, 
[info] but for now we'll just set up a default project.
[info] 
[debug] [2022-11-27T21:29:32.361Z] > refreshing access token with scopes: []
[debug] [2022-11-27T21:29:32.366Z] >>> [apiv2][query] POST https://www.googleapis.com/oauth2/v3/token [none]
[debug] [2022-11-27T21:29:32.367Z] >>> [apiv2][body] POST https://www.googleapis.com/oauth2/v3/token [omitted]
[debug] [2022-11-27T21:29:33.326Z] <<< [apiv2][status] POST https://www.googleapis.com/oauth2/v3/token 200
[debug] [2022-11-27T21:29:33.327Z] <<< [apiv2][body] POST https://www.googleapis.com/oauth2/v3/token [omitted]
[debug] [2022-11-27T21:29:34.147Z] >>> [apiv2][query] GET https://firebase.googleapis.com/v1beta1/projects pageSize=100
[debug] [2022-11-27T21:29:34.977Z] <<< [apiv2][status] GET https://firebase.googleapis.com/v1beta1/projects 403
[debug] [2022-11-27T21:29:34.978Z] <<< [apiv2][body] GET https://firebase.googleapis.com/v1beta1/projects [omitted]
[debug] [2022-11-27T21:29:34.978Z] Unable to parse JSON: SyntaxError: Unexpected token < in JSON at position 0
[debug] [2022-11-27T21:29:35.841Z] FirebaseError: Unable to parse JSON: SyntaxError: Unexpected token < in JSON at position 0
    at RetryOperation._fn (C:\Users\jhabiz\AppData\Roaming\npm\node_modules\firebase-tools\lib\apiv2.js:260:39)
    at processTicksAndRejections (node:internal/process/task_queues:96:5)
[error] 
[error] Error: Failed to list Firebase projects. See firebase-debug.log for more info.
